<?xml version="1.0" encoding="UTF-8"?>
<!-- Generated by org.testng.reporters.JUnitReportReporter -->
<testsuite skipped="0" hostname="DESKTOP-4SSU5PL" name="com.actitime.timetrack.Demo2" tests="1" failures="0" timestamp="11 Aug 2020 10:18:44 GMT" time="0.002" errors="0">
  <testcase name="run" time="0.002" classname="com.actitime.timetrack.Demo2"/>
</testsuite> <!-- com.actitime.timetrack.Demo2 -->
